d:\project\trunk\doc\03code\撤单模块\withdrawmodule\withdrawmodule\x64\release\vc141.pdb
d:\project\trunk\doc\03code\撤单模块\withdrawmodule\withdrawmodule\x64\release\withdrawmain.obj
d:\project\trunk\doc\03code\撤单模块\withdrawmodule\withdrawmodule\x64\release\withdrawable.obj
d:\project\trunk\doc\03code\撤单模块\withdrawmodule\withdrawmodule\x64\release\unfreezethread.obj
d:\project\trunk\doc\03code\撤单模块\withdrawmodule\withdrawmodule\x64\release\tbl_assets.obj
d:\project\trunk\doc\03code\撤单模块\withdrawmodule\withdrawmodule\x64\release\orderrecord.obj
d:\project\trunk\doc\03code\撤单模块\withdrawmodule\withdrawmodule\x64\release\database.obj
d:\project\trunk\doc\03code\撤单模块\withdrawmodule\withdrawmodule\x64\release\cuacct_fund.obj
d:\project\trunk\doc\03code\撤单模块\withdrawmodule\x64\release\withdrawmodule.dll
d:\project\trunk\doc\03code\撤单模块\withdrawmodule\x64\release\withdrawmodule.pdb
d:\project\trunk\doc\03code\撤单模块\withdrawmodule\x64\release\withdrawmodule.lib
d:\project\trunk\doc\03code\撤单模块\withdrawmodule\x64\release\withdrawmodule.exp
d:\project\trunk\doc\03code\撤单模块\withdrawmodule\x64\release\withdrawmodule.ipdb
d:\project\trunk\doc\03code\撤单模块\withdrawmodule\x64\release\withdrawmodule.iobj
d:\project\trunk\doc\03code\撤单模块\withdrawmodule\withdrawmodule\x64\release\withdrawmodule.tlog\cl.command.1.tlog
d:\project\trunk\doc\03code\撤单模块\withdrawmodule\withdrawmodule\x64\release\withdrawmodule.tlog\cl.read.1.tlog
d:\project\trunk\doc\03code\撤单模块\withdrawmodule\withdrawmodule\x64\release\withdrawmodule.tlog\cl.write.1.tlog
d:\project\trunk\doc\03code\撤单模块\withdrawmodule\withdrawmodule\x64\release\withdrawmodule.tlog\link.command.1.tlog
d:\project\trunk\doc\03code\撤单模块\withdrawmodule\withdrawmodule\x64\release\withdrawmodule.tlog\link.read.1.tlog
d:\project\trunk\doc\03code\撤单模块\withdrawmodule\withdrawmodule\x64\release\withdrawmodule.tlog\link.write.1.tlog
d:\project\trunk\doc\03code\撤单模块\withdrawmodule\withdrawmodule\x64\release\withdrawmodule.tlog\withdrawmodule.write.1u.tlog
