d:\project\trunk\doc\03code\撤单模块\withdrawmodule\withdrawmodule\x64\debug\vc141.pdb
d:\project\trunk\doc\03code\撤单模块\withdrawmodule\withdrawmodule\x64\debug\vc141.idb
d:\project\trunk\doc\03code\撤单模块\withdrawmodule\withdrawmodule\x64\debug\withdrawmain.obj
d:\project\trunk\doc\03code\撤单模块\withdrawmodule\withdrawmodule\x64\debug\withdrawable.obj
d:\project\trunk\doc\03code\撤单模块\withdrawmodule\withdrawmodule\x64\debug\unfreezethread.obj
d:\project\trunk\doc\03code\撤单模块\withdrawmodule\withdrawmodule\x64\debug\tbl_assets.obj
d:\project\trunk\doc\03code\撤单模块\withdrawmodule\withdrawmodule\x64\debug\orderrecord.obj
d:\project\trunk\doc\03code\撤单模块\withdrawmodule\withdrawmodule\x64\debug\database.obj
d:\project\trunk\doc\03code\撤单模块\withdrawmodule\withdrawmodule\x64\debug\cuacct_fund.obj
d:\project\trunk\doc\03code\撤单模块\withdrawmodule\x64\debug\withdrawmodule.ilk
d:\project\trunk\doc\03code\撤单模块\withdrawmodule\x64\debug\withdrawmodule.dll
d:\project\trunk\doc\03code\撤单模块\withdrawmodule\x64\debug\withdrawmodule.pdb
d:\project\trunk\doc\03code\撤单模块\withdrawmodule\x64\debug\withdrawmodule.lib
d:\project\trunk\doc\03code\撤单模块\withdrawmodule\x64\debug\withdrawmodule.exp
d:\project\trunk\doc\03code\撤单模块\withdrawmodule\withdrawmodule\x64\debug\withdrawmodule.tlog\cl.command.1.tlog
d:\project\trunk\doc\03code\撤单模块\withdrawmodule\withdrawmodule\x64\debug\withdrawmodule.tlog\cl.read.1.tlog
d:\project\trunk\doc\03code\撤单模块\withdrawmodule\withdrawmodule\x64\debug\withdrawmodule.tlog\cl.write.1.tlog
d:\project\trunk\doc\03code\撤单模块\withdrawmodule\withdrawmodule\x64\debug\withdrawmodule.tlog\link.command.1.tlog
d:\project\trunk\doc\03code\撤单模块\withdrawmodule\withdrawmodule\x64\debug\withdrawmodule.tlog\link.read.1.tlog
d:\project\trunk\doc\03code\撤单模块\withdrawmodule\withdrawmodule\x64\debug\withdrawmodule.tlog\link.write.1.tlog
d:\project\trunk\doc\03code\撤单模块\withdrawmodule\withdrawmodule\x64\debug\withdrawmodule.tlog\withdrawmodule.write.1u.tlog
